<?xml version="1.0" encoding="UTF-8"?>
<testsuite xmlns:xsi="http://www.w3.org/2001/XMLSchema-instance" xsi:noNamespaceSchemaLocation="https://maven.apache.org/surefire/maven-surefire-plugin/xsd/surefire-test-report.xsd" version="3.0.2" name="com.web.barbearia.BarbeariaApplicationTests" time="1.604" tests="1" errors="0" skipped="0" failures="0">
  <properties>
[...]
</properties>
  <testcase name="contextLoads" classname="com.web.barbearia.BarbeariaApplicationTests" time="0.433">
    <system-out><![CDATA[22:06:30.186 [main] INFO org.springframework.test.context.support.AnnotationConfigContextLoaderUtils -- Could not detect default configuration classes for test class [com.web.barbearia.BarbeariaApplicationTests]: BarbeariaApplicationTests does not declare any static, non-private, non-final, nested classes annotated with @Configuration.
22:06:30.255 [main] INFO org.springframework.boot.test.context.SpringBootTestContextBootstrapper -- Found @SpringBootConfiguration com.web.barbearia.BarbeariaApplication for test class com.web.barbearia.BarbeariaApplicationTests

  .   ____          _            __ _ _
 /\\ / ___'_ __ _ _(_)_ __  __ _ \ \ \ \
( ( )\___ | '_ | '_| | '_ \/ _` | \ \ \ \
 \\/  ___)| |_)| | | | | || (_| |  ) ) ) )
  '  |____| .__|_| |_|_| |_\__, | / / / /
 =========|_|==============|___/=/_/_/_/

 :: Spring Boot ::                (v3.4.0)

2024-12-04T22:06:30.566-03:00  INFO 45908 --- [barbearia] [           main] c.w.barbearia.BarbeariaApplicationTests  : Starting BarbeariaApplicationTests using Java 21.0.4 with PID 45908 (started by luanflor in /home/luanflor/Documentos/pessoal/faculdade/daw1/barbearia)
2024-12-04T22:06:30.567-03:00  INFO 45908 --- [barbearia] [           main] c.w.barbearia.BarbeariaApplicationTests  : No active profile set, falling back to 1 default profile: "default"
2024-12-04T22:06:31.233-03:00  INFO 45908 --- [barbearia] [           main] c.w.barbearia.BarbeariaApplicationTests  : Started BarbeariaApplicationTests in 0.893 seconds (process running for 1.424)
]]></system-out>
    <system-err><![CDATA[Mockito is currently self-attaching to enable the inline-mock-maker. This will no longer work in future releases of the JDK. Please add Mockito as an agent to your build what is described in Mockito's documentation: https://javadoc.io/doc/org.mockito/mockito-core/latest/org/mockito/Mockito.html#0.3
WARNING: A Java agent has been loaded dynamically (/home/luanflor/.m2/repository/net/bytebuddy/byte-buddy-agent/1.15.10/byte-buddy-agent-1.15.10.jar)
WARNING: If a serviceability tool is in use, please run with -XX:+EnableDynamicAgentLoading to hide this warning
WARNING: If a serviceability tool is not in use, please run with -Djdk.instrument.traceUsage for more information
WARNING: Dynamic loading of agents will be disallowed by default in a future release
]]></system-err>
  </testcase>
</testsuite>