<?xml version="1.0" encoding="UTF-8"?>
<testsuite xmlns:xsi="http://www.w3.org/2001/XMLSchema-instance" xsi:noNamespaceSchemaLocation="https://maven.apache.org/surefire/maven-surefire-plugin/xsd/surefire-test-report.xsd" version="3.0.2" name="com.web.barbearia.BarbeariaApplicationTests" time="1.758" tests="1" errors="0" skipped="0" failures="0">
  <properties>
[...]
</properties>
  <testcase name="contextLoads" classname="com.web.barbearia.BarbeariaApplicationTests" time="0.445">
    <system-out><![CDATA[
  .   ____          _            __ _ _
 /\\ / ___'_ __ _ _(_)_ __  __ _ \ \ \ \
( ( )\___ | '_ | '_| | '_ \/ _` | \ \ \ \
 \\/  ___)| |_)| | | | | || (_| |  ) ) ) )
  '  |____| .__|_| |_|_| |_\__, | / / / /
 =========|_|==============|___/=/_/_/_/

 :: Spring Boot ::                (v3.4.0)

2024-12-04T23:22:42.832-03:00  INFO 154424 --- [           main] c.w.b.BarbeariaApplicationTests          : Starting BarbeariaApplicationTests using Java 21.0.4 with PID 154424 (started by luanflor in /home/luanflor/Documentos/pessoal/faculdade/daw1/barbearia)
2024-12-04T23:22:42.836-03:00  INFO 154424 --- [           main] c.w.b.BarbeariaApplicationTests          : No active profile set, falling back to 1 default profile: "default"
2024-12-04T23:22:43.333-03:00  INFO 154424 --- [           main] o.s.b.a.w.s.WelcomePageHandlerMapping    : Adding welcome page: class path resource [static/index.html]
2024-12-04T23:22:43.532-03:00  INFO 154424 --- [           main] c.w.b.BarbeariaApplicationTests          : Started BarbeariaApplicationTests in 0.938 seconds (process running for 1.578)
]]></system-out>
    <system-err><![CDATA[Mockito is currently self-attaching to enable the inline-mock-maker. This will no longer work in future releases of the JDK. Please add Mockito as an agent to your build what is described in Mockito's documentation: https://javadoc.io/doc/org.mockito/mockito-core/latest/org/mockito/Mockito.html#0.3
WARNING: A Java agent has been loaded dynamically (/home/luanflor/.m2/repository/net/bytebuddy/byte-buddy-agent/1.15.10/byte-buddy-agent-1.15.10.jar)
WARNING: If a serviceability tool is in use, please run with -XX:+EnableDynamicAgentLoading to hide this warning
WARNING: If a serviceability tool is not in use, please run with -Djdk.instrument.traceUsage for more information
WARNING: Dynamic loading of agents will be disallowed by default in a future release
]]></system-err>
  </testcase>
</testsuite>